<?xml version="1.0" encoding="UTF-8"?>
<!-- Generated by org.testng.reporters.JUnitXMLReporter -->
<testsuite ignored="0" hostname="L-270331" failures="0" tests="15" name="Test" time="90.208" errors="0" timestamp="2024-05-11T09:44:39 IST">
  <testcase classname="RoyalCaninTestClass.RCloginTest" name="mobileNumber" time="9.116"/>
  <testcase classname="RoyalCaninTestClass.RCloginTest" name="mobileNumber" time="8.394"/>
  <testcase classname="RoyalCaninTestClass.RCloginTest" name="mobileNumber" time="8.649"/>
  <testcase classname="RoyalCaninTestClass.RCloginTest" name="mobileNumber" time="8.809"/>
  <testcase classname="RoyalCaninTestClass.RCloginTest" name="mobileNumber" time="8.708"/>
  <testcase classname="RoyalCaninTestClass.RCloginTest" name="mobileNumber" time="8.583"/>
  <testcase classname="RoyalCaninTestClass.RCloginTest" name="mobileNumber" time="9.059"/>
  <testcase classname="RoyalCaninTestClass.RCloginTest" name="sendOTP" time="0.003"/>
  <testcase classname="RoyalCaninTestClass.RCloginTest" name="enterOTP" time="3.529"/>
  <testcase classname="RoyalCaninTestClass.RCloginTest" name="enterOTP" time="3.069"/>
  <testcase classname="RoyalCaninTestClass.RCloginTest" name="enterOTP" time="3.191"/>
  <testcase classname="RoyalCaninTestClass.RCloginTest" name="enterOTP" time="3.36"/>
  <testcase classname="RoyalCaninTestClass.RCloginTest" name="enterOTP" time="3.207"/>
  <testcase classname="RoyalCaninTestClass.RCloginTest" name="enterOTP" time="3.422"/>
  <testcase classname="RoyalCaninTestClass.RCloginTest" name="submit" time="0.005"/>
</testsuite> <!-- Test -->
