<?xml version="1.0" encoding="UTF-8"?>
<testng-results ignored="0" total="6" passed="6" failed="0" skipped="0">
  <reporter-output>
  </reporter-output>
  <suite started-at="2024-05-12T13:07:26 IST" name="Default suite" finished-at="2024-05-12T13:07:53 IST" duration-ms="26369">
    <groups>
    </groups>
    <test started-at="2024-05-12T13:07:26 IST" name="Default test" finished-at="2024-05-12T13:07:53 IST" duration-ms="26369">
      <class name="RoyalCaninTestClass.Redeem_Food_CouponTest">
        <test-method is-config="true" signature="start()[pri:0, instance:RoyalCaninTestClass.Redeem_Food_CouponTest@4716be8b]" started-at="2024-05-12T13:07:27 IST" name="start" finished-at="2024-05-12T13:07:36 IST" duration-ms="9914" status="PASS">
          <reporter-output>
          </reporter-output>
        </test-method> <!-- start -->
        <test-method signature="Redeem_Food_Coupon()[pri:1, instance:RoyalCaninTestClass.Redeem_Food_CouponTest@4716be8b]" started-at="2024-05-12T13:07:36 IST" name="Redeem_Food_Coupon" finished-at="2024-05-12T13:07:37 IST" duration-ms="954" status="PASS">
          <reporter-output>
          </reporter-output>
        </test-method> <!-- Redeem_Food_Coupon -->
        <test-method signature="Mobile_Number()[pri:2, instance:RoyalCaninTestClass.Redeem_Food_CouponTest@4716be8b]" started-at="2024-05-12T13:07:38 IST" name="Mobile_Number" finished-at="2024-05-12T13:07:45 IST" duration-ms="7591" status="PASS">
          <reporter-output>
          </reporter-output>
        </test-method> <!-- Mobile_Number -->
        <test-method signature="Coupon_Code()[pri:3, instance:RoyalCaninTestClass.Redeem_Food_CouponTest@4716be8b]" started-at="2024-05-12T13:07:45 IST" name="Coupon_Code" finished-at="2024-05-12T13:07:47 IST" duration-ms="2083" status="PASS">
          <reporter-output>
          </reporter-output>
        </test-method> <!-- Coupon_Code -->
        <test-method signature="products()[pri:4, instance:RoyalCaninTestClass.Redeem_Food_CouponTest@4716be8b]" started-at="2024-05-12T13:07:47 IST" name="products" finished-at="2024-05-12T13:07:50 IST" duration-ms="2412" status="PASS">
          <reporter-output>
          </reporter-output>
        </test-method> <!-- products -->
        <test-method signature="OK()[pri:5, instance:RoyalCaninTestClass.Redeem_Food_CouponTest@4716be8b]" started-at="2024-05-12T13:07:50 IST" name="OK" finished-at="2024-05-12T13:07:51 IST" duration-ms="945" status="PASS">
          <reporter-output>
          </reporter-output>
        </test-method> <!-- OK -->
        <test-method signature="getYou_will_get_discount_code_redumption_in()[pri:6, instance:RoyalCaninTestClass.Redeem_Food_CouponTest@4716be8b]" started-at="2024-05-12T13:07:51 IST" name="getYou_will_get_discount_code_redumption_in" finished-at="2024-05-12T13:07:53 IST" duration-ms="2244" status="PASS">
          <reporter-output>
          </reporter-output>
        </test-method> <!-- getYou_will_get_discount_code_redumption_in -->
        <test-method is-config="true" signature="end()[pri:0, instance:RoyalCaninTestClass.Redeem_Food_CouponTest@4716be8b]" started-at="2024-05-12T13:07:53 IST" name="end" finished-at="2024-05-12T13:07:53 IST" duration-ms="2" status="PASS">
          <reporter-output>
          </reporter-output>
        </test-method> <!-- end -->
      </class> <!-- RoyalCaninTestClass.Redeem_Food_CouponTest -->
    </test> <!-- Default test -->
  </suite> <!-- Default suite -->
</testng-results>
